<?xml version="1.0" encoding="UTF-8"?>
<coverage generated="1637443144372" clover="3.2.0">
  <project timestamp="1637443144372" name="All files">
    <metrics statements="46" coveredstatements="18" conditionals="10" coveredconditionals="0" methods="25" coveredmethods="10" elements="81" coveredelements="28" complexity="0" loc="46" ncloc="46" packages="2" files="5" classes="5"/>
    <package name="components">
      <metrics statements="10" coveredstatements="5" conditionals="4" coveredconditionals="0" methods="4" coveredmethods="3"/>
      <file name="TumblrsDrawer.vue" path="E:\Thrd Year\Software Engneering\project\tumblr-4u-FE\src\components\TumblrsDrawer.vue">
        <metrics statements="10" coveredstatements="5" conditionals="4" coveredconditionals="0" methods="4" coveredmethods="3"/>
        <line num="118" count="3" type="stmt"/>
        <line num="119" count="3" type="stmt"/>
        <line num="127" count="8" type="stmt"/>
        <line num="144" count="0" type="stmt"/>
        <line num="146" count="0" type="cond" truecount="0" falsecount="2"/>
        <line num="149" count="0" type="stmt"/>
        <line num="151" count="0" type="cond" truecount="0" falsecount="2"/>
        <line num="155" count="0" type="stmt"/>
        <line num="165" count="2" type="stmt"/>
        <line num="168" count="2" type="stmt"/>
      </file>
    </package>
    <package name="homePage">
      <metrics statements="36" coveredstatements="13" conditionals="6" coveredconditionals="0" methods="21" coveredmethods="7"/>
      <file name="AccountDropDownList.vue" path="E:\Thrd Year\Software Engneering\project\tumblr-4u-FE\src\homePage\AccountDropDownList.vue">
        <metrics statements="10" coveredstatements="4" conditionals="4" coveredconditionals="0" methods="8" coveredmethods="4"/>
        <line num="55" count="0" type="cond" truecount="0" falsecount="2"/>
        <line num="57" count="0" type="stmt"/>
        <line num="62" count="0" type="stmt"/>
        <line num="65" count="0" type="cond" truecount="0" falsecount="2"/>
        <line num="66" count="0" type="stmt"/>
        <line num="72" count="1" type="stmt"/>
        <line num="78" count="1" type="stmt"/>
        <line num="81" count="1" type="stmt"/>
        <line num="85" count="1" type="stmt"/>
        <line num="88" count="0" type="stmt"/>
      </file>
      <file name="HomePageNavBar.vue" path="E:\Thrd Year\Software Engneering\project\tumblr-4u-FE\src\homePage\HomePageNavBar.vue">
        <metrics statements="6" coveredstatements="6" conditionals="0" coveredconditionals="0" methods="3" coveredmethods="3"/>
        <line num="69" count="2" type="stmt"/>
        <line num="70" count="2" type="stmt"/>
        <line num="71" count="2" type="stmt"/>
        <line num="79" count="2" type="stmt"/>
        <line num="123" count="2" type="stmt"/>
        <line num="126" count="2" type="stmt"/>
      </file>
      <file name="HomePageNewPost.vue" path="E:\Thrd Year\Software Engneering\project\tumblr-4u-FE\src\homePage\HomePageNewPost.vue">
        <metrics statements="1" coveredstatements="0" conditionals="0" coveredconditionals="0" methods="1" coveredmethods="0"/>
        <line num="55" count="0" type="stmt"/>
      </file>
      <file name="HomePageSearchBar.vue" path="E:\Thrd Year\Software Engneering\project\tumblr-4u-FE\src\homePage\HomePageSearchBar.vue">
        <metrics statements="19" coveredstatements="3" conditionals="2" coveredconditionals="0" methods="9" coveredmethods="0"/>
        <line num="56" count="2" type="stmt"/>
        <line num="57" count="2" type="stmt"/>
        <line num="58" count="2" type="stmt"/>
        <line num="61" count="0" type="stmt"/>
        <line num="106" count="0" type="stmt"/>
        <line num="107" count="0" type="stmt"/>
        <line num="108" count="0" type="stmt"/>
        <line num="113" count="0" type="stmt"/>
        <line num="116" count="0" type="cond" truecount="0" falsecount="2"/>
        <line num="117" count="0" type="stmt"/>
        <line num="121" count="0" type="stmt"/>
        <line num="122" count="0" type="stmt"/>
        <line num="123" count="0" type="stmt"/>
        <line num="124" count="0" type="stmt"/>
        <line num="127" count="0" type="stmt"/>
        <line num="134" count="0" type="stmt"/>
        <line num="137" count="0" type="stmt"/>
        <line num="144" count="0" type="stmt"/>
        <line num="147" count="0" type="stmt"/>
      </file>
    </package>
  </project>
</coverage>
