{"F:\\tumblr-4u-FE\\src\\App.vue": {"path":"F:\\tumblr-4u-FE\\src\\App.vue","statementMap":{"0":{"start":{"line":9,"column":0},"end":{"line":9,"column":null}}},"fnMap":{},"branchMap":{},"s":{"0":0},"f":{},"b":{}}
,"F:\\tumblr-4u-FE\\src\\components\\HomeCreatePost\\HomeCreatePostImage.vue": {"path":"F:\\tumblr-4u-FE\\src\\components\\HomeCreatePost\\HomeCreatePostImage.vue","statementMap":{"0":{"start":{"line":39,"column":0},"end":{"line":39,"column":null}},"1":{"start":{"line":40,"column":0},"end":{"line":40,"column":null}},"2":{"start":{"line":54,"column":0},"end":{"line":54,"column":null}},"3":{"start":{"line":64,"column":0},"end":{"line":64,"column":null}},"4":{"start":{"line":65,"column":0},"end":{"line":65,"column":null}},"5":{"start":{"line":66,"column":0},"end":{"line":66,"column":null}},"6":{"start":{"line":70,"column":0},"end":{"line":70,"column":null}},"7":{"start":{"line":73,"column":0},"end":{"line":73,"column":null}},"8":{"start":{"line":80,"column":0},"end":{"line":80,"column":null}},"9":{"start":{"line":83,"column":0},"end":{"line":83,"column":null}},"10":{"start":{"line":88,"column":0},"end":{"line":88,"column":null}},"11":{"start":{"line":93,"column":0},"end":{"line":93,"column":null}}},"fnMap":{"0":{"name":"(anonymous_1)","decl":{"start":{"line":53,"column":0},"end":{"line":53,"column":null}},"loc":{"start":{"line":53,"column":0},"end":{"line":61,"column":null}}},"1":{"name":"(anonymous_2)","decl":{"start":{"line":63,"column":0},"end":{"line":63,"column":null}},"loc":{"start":{"line":63,"column":0},"end":{"line":67,"column":null}}},"2":{"name":"(anonymous_3)","decl":{"start":{"line":69,"column":0},"end":{"line":69,"column":null}},"loc":{"start":{"line":69,"column":0},"end":{"line":71,"column":null}}},"3":{"name":"(anonymous_4)","decl":{"start":{"line":72,"column":0},"end":{"line":72,"column":null}},"loc":{"start":{"line":72,"column":0},"end":{"line":74,"column":null}}},"4":{"name":"(anonymous_5)","decl":{"start":{"line":79,"column":0},"end":{"line":79,"column":null}},"loc":{"start":{"line":79,"column":0},"end":{"line":81,"column":null}}},"5":{"name":"(anonymous_6)","decl":{"start":{"line":82,"column":0},"end":{"line":82,"column":null}},"loc":{"start":{"line":82,"column":0},"end":{"line":84,"column":null}}},"6":{"name":"(anonymous_7)","decl":{"start":{"line":87,"column":0},"end":{"line":87,"column":null}},"loc":{"start":{"line":87,"column":0},"end":{"line":94,"column":null}}}},"branchMap":{"0":{"loc":{"start":{"line":88,"column":0},"end":{"line":88,"column":null}},"type":"if","locations":[{"start":{"line":88,"column":0},"end":{"line":88,"column":null}},{"start":{"line":88,"column":0},"end":{"line":88,"column":null}}]},"1":{"loc":{"start":{"line":88,"column":0},"end":{"line":88,"column":null}},"type":"binary-expr","locations":[{"start":{"line":88,"column":0},"end":{"line":88,"column":null}},{"start":{"line":88,"column":0},"end":{"line":88,"column":null}},{"start":{"line":88,"column":0},"end":{"line":88,"column":null}}]}},"s":{"0":1,"1":1,"2":1,"3":0,"4":0,"5":0,"6":0,"7":0,"8":1,"9":0,"10":2,"11":0},"f":{"0":1,"1":0,"2":0,"3":0,"4":1,"5":0,"6":1},"b":{"0":[1,0],"1":[1,1,0]}}
,"F:\\tumblr-4u-FE\\src\\components\\HomeCreatePost\\HomeCreatePostSection.vue": {"path":"F:\\tumblr-4u-FE\\src\\components\\HomeCreatePost\\HomeCreatePostSection.vue","statementMap":{"0":{"start":{"line":121,"column":0},"end":{"line":121,"column":null}},"1":{"start":{"line":122,"column":0},"end":{"line":122,"column":null}},"2":{"start":{"line":129,"column":0},"end":{"line":129,"column":null}},"3":{"start":{"line":150,"column":0},"end":{"line":150,"column":null}},"4":{"start":{"line":154,"column":0},"end":{"line":154,"column":null}},"5":{"start":{"line":157,"column":0},"end":{"line":157,"column":null}},"6":{"start":{"line":160,"column":0},"end":{"line":160,"column":null}},"7":{"start":{"line":163,"column":0},"end":{"line":163,"column":null}},"8":{"start":{"line":166,"column":0},"end":{"line":166,"column":null}},"9":{"start":{"line":169,"column":0},"end":{"line":169,"column":null}},"10":{"start":{"line":172,"column":0},"end":{"line":172,"column":null}},"11":{"start":{"line":175,"column":0},"end":{"line":175,"column":null}}},"fnMap":{"0":{"name":"(anonymous_1)","decl":{"start":{"line":128,"column":0},"end":{"line":128,"column":null}},"loc":{"start":{"line":128,"column":0},"end":{"line":141,"column":null}}},"1":{"name":"(anonymous_2)","decl":{"start":{"line":149,"column":0},"end":{"line":149,"column":null}},"loc":{"start":{"line":149,"column":0},"end":{"line":151,"column":null}}},"2":{"name":"(anonymous_3)","decl":{"start":{"line":152,"column":0},"end":{"line":152,"column":null}},"loc":{"start":{"line":152,"column":0},"end":{"line":155,"column":null}}},"3":{"name":"(anonymous_4)","decl":{"start":{"line":156,"column":0},"end":{"line":156,"column":null}},"loc":{"start":{"line":156,"column":0},"end":{"line":158,"column":null}}},"4":{"name":"(anonymous_5)","decl":{"start":{"line":159,"column":0},"end":{"line":159,"column":null}},"loc":{"start":{"line":159,"column":0},"end":{"line":161,"column":null}}},"5":{"name":"(anonymous_6)","decl":{"start":{"line":162,"column":0},"end":{"line":162,"column":null}},"loc":{"start":{"line":162,"column":0},"end":{"line":164,"column":null}}},"6":{"name":"(anonymous_7)","decl":{"start":{"line":165,"column":0},"end":{"line":165,"column":null}},"loc":{"start":{"line":165,"column":0},"end":{"line":167,"column":null}}},"7":{"name":"(anonymous_8)","decl":{"start":{"line":168,"column":0},"end":{"line":168,"column":null}},"loc":{"start":{"line":168,"column":0},"end":{"line":170,"column":null}}},"8":{"name":"(anonymous_9)","decl":{"start":{"line":171,"column":0},"end":{"line":171,"column":null}},"loc":{"start":{"line":171,"column":0},"end":{"line":173,"column":null}}},"9":{"name":"(anonymous_10)","decl":{"start":{"line":174,"column":0},"end":{"line":174,"column":null}},"loc":{"start":{"line":174,"column":0},"end":{"line":176,"column":null}}}},"branchMap":{},"s":{"0":1,"1":1,"2":1,"3":0,"4":0,"5":0,"6":0,"7":0,"8":0,"9":0,"10":0,"11":0},"f":{"0":1,"1":0,"2":0,"3":0,"4":0,"5":0,"6":0,"7":0,"8":0,"9":0},"b":{}}
,"F:\\tumblr-4u-FE\\src\\components\\HomeCreatePost\\HomeCreatePostText.vue": {"path":"F:\\tumblr-4u-FE\\src\\components\\HomeCreatePost\\HomeCreatePostText.vue","statementMap":{"0":{"start":{"line":72,"column":0},"end":{"line":72,"column":null}},"1":{"start":{"line":84,"column":0},"end":{"line":84,"column":null}},"2":{"start":{"line":108,"column":0},"end":{"line":108,"column":null}},"3":{"start":{"line":109,"column":0},"end":{"line":109,"column":null}},"4":{"start":{"line":110,"column":0},"end":{"line":110,"column":null}},"5":{"start":{"line":114,"column":0},"end":{"line":114,"column":null}},"6":{"start":{"line":117,"column":0},"end":{"line":117,"column":null}},"7":{"start":{"line":125,"column":0},"end":{"line":125,"column":null}},"8":{"start":{"line":128,"column":0},"end":{"line":128,"column":null}},"9":{"start":{"line":133,"column":0},"end":{"line":133,"column":null}},"10":{"start":{"line":138,"column":0},"end":{"line":138,"column":null}}},"fnMap":{"0":{"name":"(anonymous_1)","decl":{"start":{"line":83,"column":0},"end":{"line":83,"column":null}},"loc":{"start":{"line":83,"column":0},"end":{"line":99,"column":null}}},"1":{"name":"(anonymous_2)","decl":{"start":{"line":107,"column":0},"end":{"line":107,"column":null}},"loc":{"start":{"line":107,"column":0},"end":{"line":111,"column":null}}},"2":{"name":"(anonymous_3)","decl":{"start":{"line":113,"column":0},"end":{"line":113,"column":null}},"loc":{"start":{"line":113,"column":0},"end":{"line":115,"column":null}}},"3":{"name":"(anonymous_4)","decl":{"start":{"line":116,"column":0},"end":{"line":116,"column":null}},"loc":{"start":{"line":116,"column":0},"end":{"line":119,"column":null}}},"4":{"name":"(anonymous_5)","decl":{"start":{"line":124,"column":0},"end":{"line":124,"column":null}},"loc":{"start":{"line":124,"column":0},"end":{"line":126,"column":null}}},"5":{"name":"(anonymous_6)","decl":{"start":{"line":127,"column":0},"end":{"line":127,"column":null}},"loc":{"start":{"line":127,"column":0},"end":{"line":129,"column":null}}},"6":{"name":"(anonymous_7)","decl":{"start":{"line":132,"column":0},"end":{"line":132,"column":null}},"loc":{"start":{"line":132,"column":0},"end":{"line":139,"column":null}}}},"branchMap":{"0":{"loc":{"start":{"line":133,"column":0},"end":{"line":133,"column":null}},"type":"if","locations":[{"start":{"line":133,"column":0},"end":{"line":133,"column":null}},{"start":{"line":133,"column":0},"end":{"line":133,"column":null}}]},"1":{"loc":{"start":{"line":133,"column":0},"end":{"line":133,"column":null}},"type":"binary-expr","locations":[{"start":{"line":133,"column":0},"end":{"line":133,"column":null}},{"start":{"line":133,"column":0},"end":{"line":133,"column":null}},{"start":{"line":133,"column":0},"end":{"line":133,"column":null}}]}},"s":{"0":1,"1":1,"2":0,"3":0,"4":0,"5":0,"6":0,"7":1,"8":0,"9":2,"10":0},"f":{"0":1,"1":0,"2":0,"3":0,"4":1,"5":0,"6":1},"b":{"0":[1,0],"1":[1,1,0]}}
,"F:\\tumblr-4u-FE\\src\\components\\HomeCreatePost\\HomeCreatePostTextEditor.vue": {"path":"F:\\tumblr-4u-FE\\src\\components\\HomeCreatePost\\HomeCreatePostTextEditor.vue","statementMap":{"0":{"start":{"line":111,"column":0},"end":{"line":111,"column":null}},"1":{"start":{"line":112,"column":0},"end":{"line":112,"column":null}},"2":{"start":{"line":113,"column":0},"end":{"line":113,"column":null}},"3":{"start":{"line":122,"column":0},"end":{"line":122,"column":null}},"4":{"start":{"line":135,"column":0},"end":{"line":135,"column":null}},"5":{"start":{"line":144,"column":0},"end":{"line":144,"column":null}},"6":{"start":{"line":147,"column":0},"end":{"line":152,"column":null}},"7":{"start":{"line":148,"column":0},"end":{"line":151,"column":null}},"8":{"start":{"line":149,"column":0},"end":{"line":149,"column":null}},"9":{"start":{"line":150,"column":0},"end":{"line":150,"column":null}},"10":{"start":{"line":153,"column":0},"end":{"line":164,"column":null}},"11":{"start":{"line":154,"column":0},"end":{"line":157,"column":null}},"12":{"start":{"line":155,"column":0},"end":{"line":155,"column":null}},"13":{"start":{"line":156,"column":0},"end":{"line":156,"column":null}},"14":{"start":{"line":158,"column":0},"end":{"line":161,"column":null}},"15":{"start":{"line":159,"column":0},"end":{"line":159,"column":null}},"16":{"start":{"line":160,"column":0},"end":{"line":160,"column":null}},"17":{"start":{"line":163,"column":0},"end":{"line":163,"column":null}},"18":{"start":{"line":164,"column":0},"end":{"line":164,"column":null}},"19":{"start":{"line":173,"column":0},"end":{"line":173,"column":null}},"20":{"start":{"line":174,"column":0},"end":{"line":174,"column":null}},"21":{"start":{"line":178,"column":0},"end":{"line":178,"column":null}},"22":{"start":{"line":179,"column":0},"end":{"line":179,"column":null}},"23":{"start":{"line":182,"column":0},"end":{"line":189,"column":null}},"24":{"start":{"line":183,"column":0},"end":{"line":183,"column":null}},"25":{"start":{"line":184,"column":0},"end":{"line":184,"column":null}},"26":{"start":{"line":186,"column":0},"end":{"line":186,"column":null}},"27":{"start":{"line":187,"column":0},"end":{"line":187,"column":null}},"28":{"start":{"line":188,"column":0},"end":{"line":188,"column":null}},"29":{"start":{"line":190,"column":0},"end":{"line":195,"column":null}},"30":{"start":{"line":191,"column":0},"end":{"line":191,"column":null}},"31":{"start":{"line":192,"column":0},"end":{"line":192,"column":null}},"32":{"start":{"line":194,"column":0},"end":{"line":194,"column":null}},"33":{"start":{"line":197,"column":0},"end":{"line":197,"column":null}},"34":{"start":{"line":198,"column":0},"end":{"line":198,"column":null}},"35":{"start":{"line":201,"column":0},"end":{"line":201,"column":null}},"36":{"start":{"line":202,"column":0},"end":{"line":202,"column":null}},"37":{"start":{"line":205,"column":0},"end":{"line":205,"column":null}},"38":{"start":{"line":206,"column":0},"end":{"line":206,"column":null}},"39":{"start":{"line":208,"column":0},"end":{"line":208,"column":null}},"40":{"start":{"line":212,"column":0},"end":{"line":212,"column":null}},"41":{"start":{"line":213,"column":0},"end":{"line":213,"column":null}},"42":{"start":{"line":215,"column":0},"end":{"line":215,"column":null}},"43":{"start":{"line":218,"column":0},"end":{"line":218,"column":null}},"44":{"start":{"line":219,"column":0},"end":{"line":219,"column":null}}},"fnMap":{"0":{"name":"(anonymous_1)","decl":{"start":{"line":121,"column":0},"end":{"line":121,"column":null}},"loc":{"start":{"line":121,"column":0},"end":{"line":132,"column":null}}},"1":{"name":"(anonymous_2)","decl":{"start":{"line":134,"column":0},"end":{"line":134,"column":null}},"loc":{"start":{"line":134,"column":0},"end":{"line":169,"column":null}}},"2":{"name":"(anonymous_3)","decl":{"start":{"line":143,"column":0},"end":{"line":143,"column":null}},"loc":{"start":{"line":143,"column":0},"end":{"line":145,"column":null}}},"3":{"name":"(anonymous_4)","decl":{"start":{"line":146,"column":0},"end":{"line":146,"column":null}},"loc":{"start":{"line":146,"column":0},"end":{"line":165,"column":null}}},"4":{"name":"(anonymous_5)","decl":{"start":{"line":172,"column":0},"end":{"line":172,"column":null}},"loc":{"start":{"line":172,"column":0},"end":{"line":175,"column":null}}},"5":{"name":"(anonymous_6)","decl":{"start":{"line":177,"column":0},"end":{"line":177,"column":null}},"loc":{"start":{"line":177,"column":0},"end":{"line":180,"column":null}}},"6":{"name":"(anonymous_7)","decl":{"start":{"line":181,"column":0},"end":{"line":181,"column":null}},"loc":{"start":{"line":181,"column":0},"end":{"line":199,"column":null}}},"7":{"name":"(anonymous_8)","decl":{"start":{"line":200,"column":0},"end":{"line":200,"column":null}},"loc":{"start":{"line":200,"column":0},"end":{"line":203,"column":null}}},"8":{"name":"(anonymous_9)","decl":{"start":{"line":204,"column":0},"end":{"line":204,"column":null}},"loc":{"start":{"line":204,"column":0},"end":{"line":209,"column":null}}},"9":{"name":"(anonymous_10)","decl":{"start":{"line":211,"column":0},"end":{"line":211,"column":null}},"loc":{"start":{"line":211,"column":0},"end":{"line":216,"column":null}}},"10":{"name":"(anonymous_11)","decl":{"start":{"line":217,"column":0},"end":{"line":217,"column":null}},"loc":{"start":{"line":217,"column":0},"end":{"line":220,"column":null}}}},"branchMap":{"0":{"loc":{"start":{"line":147,"column":0},"end":{"line":152,"column":null}},"type":"if","locations":[{"start":{"line":147,"column":0},"end":{"line":152,"column":null}},{"start":{"line":147,"column":0},"end":{"line":152,"column":null}}]},"1":{"loc":{"start":{"line":148,"column":0},"end":{"line":151,"column":null}},"type":"if","locations":[{"start":{"line":148,"column":0},"end":{"line":151,"column":null}},{"start":{"line":148,"column":0},"end":{"line":151,"column":null}}]},"2":{"loc":{"start":{"line":153,"column":0},"end":{"line":164,"column":null}},"type":"if","locations":[{"start":{"line":153,"column":0},"end":{"line":164,"column":null}},{"start":{"line":153,"column":0},"end":{"line":164,"column":null}}]},"3":{"loc":{"start":{"line":154,"column":0},"end":{"line":157,"column":null}},"type":"if","locations":[{"start":{"line":154,"column":0},"end":{"line":157,"column":null}},{"start":{"line":154,"column":0},"end":{"line":157,"column":null}}]},"4":{"loc":{"start":{"line":158,"column":0},"end":{"line":161,"column":null}},"type":"if","locations":[{"start":{"line":158,"column":0},"end":{"line":161,"column":null}},{"start":{"line":158,"column":0},"end":{"line":161,"column":null}}]},"5":{"loc":{"start":{"line":182,"column":0},"end":{"line":189,"column":null}},"type":"if","locations":[{"start":{"line":182,"column":0},"end":{"line":189,"column":null}},{"start":{"line":182,"column":0},"end":{"line":189,"column":null}}]},"6":{"loc":{"start":{"line":190,"column":0},"end":{"line":195,"column":null}},"type":"if","locations":[{"start":{"line":190,"column":0},"end":{"line":195,"column":null}},{"start":{"line":190,"column":0},"end":{"line":195,"column":null}}]}},"s":{"0":1,"1":1,"2":1,"3":1,"4":1,"5":0,"6":0,"7":0,"8":0,"9":0,"10":0,"11":0,"12":0,"13":0,"14":0,"15":0,"16":0,"17":0,"18":0,"19":0,"20":0,"21":0,"22":0,"23":0,"24":0,"25":0,"26":0,"27":0,"28":0,"29":0,"30":0,"31":0,"32":0,"33":0,"34":0,"35":0,"36":0,"37":0,"38":0,"39":0,"40":0,"41":0,"42":0,"43":0,"44":0},"f":{"0":1,"1":1,"2":0,"3":0,"4":0,"5":0,"6":0,"7":0,"8":0,"9":0,"10":0},"b":{"0":[0,0],"1":[0,0],"2":[0,0],"3":[0,0],"4":[0,0],"5":[0,0],"6":[0,0]}}
,"F:\\tumblr-4u-FE\\src\\components\\HomeCreatePost\\HomeCreatePostUploadImage.vue": {"path":"F:\\tumblr-4u-FE\\src\\components\\HomeCreatePost\\HomeCreatePostUploadImage.vue","statementMap":{"0":{"start":{"line":55,"column":0},"end":{"line":55,"column":null}},"1":{"start":{"line":65,"column":0},"end":{"line":65,"column":null}},"2":{"start":{"line":66,"column":0},"end":{"line":66,"column":null}},"3":{"start":{"line":67,"column":0},"end":{"line":67,"column":null}},"4":{"start":{"line":69,"column":0},"end":{"line":81,"column":null}},"5":{"start":{"line":70,"column":0},"end":{"line":70,"column":null}},"6":{"start":{"line":71,"column":0},"end":{"line":73,"column":null}},"7":{"start":{"line":72,"column":0},"end":{"line":72,"column":null}},"8":{"start":{"line":74,"column":0},"end":{"line":74,"column":null}},"9":{"start":{"line":77,"column":0},"end":{"line":79,"column":null}},"10":{"start":{"line":78,"column":0},"end":{"line":78,"column":null}},"11":{"start":{"line":80,"column":0},"end":{"line":80,"column":null}},"12":{"start":{"line":85,"column":0},"end":{"line":85,"column":null}},"13":{"start":{"line":86,"column":0},"end":{"line":95,"column":null}},"14":{"start":{"line":86,"column":0},"end":{"line":86,"column":null}},"15":{"start":{"line":87,"column":0},"end":{"line":87,"column":null}},"16":{"start":{"line":88,"column":0},"end":{"line":88,"column":null}},"17":{"start":{"line":90,"column":0},"end":{"line":93,"column":null}},"18":{"start":{"line":91,"column":0},"end":{"line":91,"column":null}},"19":{"start":{"line":92,"column":0},"end":{"line":92,"column":null}},"20":{"start":{"line":94,"column":0},"end":{"line":94,"column":null}},"21":{"start":{"line":98,"column":0},"end":{"line":98,"column":null}},"22":{"start":{"line":99,"column":0},"end":{"line":99,"column":null}},"23":{"start":{"line":100,"column":0},"end":{"line":100,"column":null}},"24":{"start":{"line":104,"column":0},"end":{"line":104,"column":null}},"25":{"start":{"line":107,"column":0},"end":{"line":107,"column":null}},"26":{"start":{"line":110,"column":0},"end":{"line":112,"column":null}},"27":{"start":{"line":111,"column":0},"end":{"line":111,"column":null}},"28":{"start":{"line":114,"column":0},"end":{"line":114,"column":null}},"29":{"start":{"line":116,"column":0},"end":{"line":116,"column":null}},"30":{"start":{"line":117,"column":0},"end":{"line":117,"column":null}},"31":{"start":{"line":121,"column":0},"end":{"line":121,"column":null}}},"fnMap":{"0":{"name":"(anonymous_1)","decl":{"start":{"line":54,"column":0},"end":{"line":54,"column":null}},"loc":{"start":{"line":54,"column":0},"end":{"line":61,"column":null}}},"1":{"name":"(anonymous_2)","decl":{"start":{"line":64,"column":0},"end":{"line":64,"column":null}},"loc":{"start":{"line":64,"column":0},"end":{"line":82,"column":null}}},"2":{"name":"(anonymous_3)","decl":{"start":{"line":71,"column":0},"end":{"line":71,"column":null}},"loc":{"start":{"line":71,"column":0},"end":{"line":73,"column":null}}},"3":{"name":"(anonymous_4)","decl":{"start":{"line":84,"column":0},"end":{"line":84,"column":null}},"loc":{"start":{"line":84,"column":0},"end":{"line":96,"column":null}}},"4":{"name":"(anonymous_5)","decl":{"start":{"line":90,"column":0},"end":{"line":90,"column":null}},"loc":{"start":{"line":90,"column":0},"end":{"line":93,"column":null}}},"5":{"name":"(anonymous_6)","decl":{"start":{"line":97,"column":0},"end":{"line":97,"column":null}},"loc":{"start":{"line":97,"column":0},"end":{"line":101,"column":null}}},"6":{"name":"(anonymous_7)","decl":{"start":{"line":103,"column":0},"end":{"line":103,"column":null}},"loc":{"start":{"line":103,"column":0},"end":{"line":105,"column":null}}},"7":{"name":"(anonymous_8)","decl":{"start":{"line":106,"column":0},"end":{"line":106,"column":null}},"loc":{"start":{"line":106,"column":0},"end":{"line":118,"column":null}}},"8":{"name":"(anonymous_9)","decl":{"start":{"line":120,"column":0},"end":{"line":120,"column":null}},"loc":{"start":{"line":120,"column":0},"end":{"line":122,"column":null}}}},"branchMap":{"0":{"loc":{"start":{"line":67,"column":0},"end":{"line":67,"column":null}},"type":"binary-expr","locations":[{"start":{"line":67,"column":0},"end":{"line":67,"column":null}},{"start":{"line":67,"column":0},"end":{"line":67,"column":null}}]},"1":{"loc":{"start":{"line":69,"column":0},"end":{"line":81,"column":null}},"type":"if","locations":[{"start":{"line":69,"column":0},"end":{"line":81,"column":null}},{"start":{"line":69,"column":0},"end":{"line":81,"column":null}}]},"2":{"loc":{"start":{"line":69,"column":0},"end":{"line":69,"column":null}},"type":"binary-expr","locations":[{"start":{"line":69,"column":0},"end":{"line":69,"column":null}},{"start":{"line":69,"column":0},"end":{"line":69,"column":null}}]},"3":{"loc":{"start":{"line":107,"column":0},"end":{"line":107,"column":null}},"type":"binary-expr","locations":[{"start":{"line":107,"column":0},"end":{"line":107,"column":null}},{"start":{"line":107,"column":0},"end":{"line":107,"column":null}}]}},"s":{"0":1,"1":0,"2":0,"3":0,"4":0,"5":0,"6":0,"7":0,"8":0,"9":0,"10":0,"11":0,"12":0,"13":0,"14":0,"15":0,"16":0,"17":0,"18":0,"19":0,"20":0,"21":0,"22":0,"23":0,"24":0,"25":0,"26":0,"27":0,"28":0,"29":0,"30":0,"31":0},"f":{"0":1,"1":0,"2":0,"3":0,"4":0,"5":0,"6":0,"7":0,"8":0},"b":{"0":[0,0],"1":[0,0],"2":[0,0],"3":[0,0]}}
}
