{"E:\\Thrd Year\\Software Engneering\\project\\tumblr-4u-FE\\src\\components\\TumblrsDrawer.vue": {"path":"E:\\Thrd Year\\Software Engneering\\project\\tumblr-4u-FE\\src\\components\\TumblrsDrawer.vue","statementMap":{"0":{"start":{"line":118,"column":0},"end":{"line":118,"column":null}},"1":{"start":{"line":119,"column":0},"end":{"line":119,"column":null}},"2":{"start":{"line":127,"column":0},"end":{"line":127,"column":null}},"3":{"start":{"line":144,"column":0},"end":{"line":144,"column":null}},"4":{"start":{"line":146,"column":0},"end":{"line":157,"column":null}},"5":{"start":{"line":149,"column":0},"end":{"line":149,"column":null}},"6":{"start":{"line":151,"column":0},"end":{"line":157,"column":null}},"7":{"start":{"line":155,"column":0},"end":{"line":155,"column":null}},"8":{"start":{"line":165,"column":0},"end":{"line":165,"column":null}},"9":{"start":{"line":168,"column":0},"end":{"line":168,"column":null}}},"fnMap":{"0":{"name":"(anonymous_1)","decl":{"start":{"line":126,"column":0},"end":{"line":126,"column":null}},"loc":{"start":{"line":126,"column":0},"end":{"line":141,"column":null}}},"1":{"name":"(anonymous_2)","decl":{"start":{"line":143,"column":0},"end":{"line":143,"column":null}},"loc":{"start":{"line":143,"column":0},"end":{"line":159,"column":null}}},"2":{"name":"(anonymous_3)","decl":{"start":{"line":164,"column":0},"end":{"line":164,"column":null}},"loc":{"start":{"line":164,"column":0},"end":{"line":166,"column":null}}},"3":{"name":"(anonymous_4)","decl":{"start":{"line":167,"column":0},"end":{"line":167,"column":null}},"loc":{"start":{"line":167,"column":0},"end":{"line":169,"column":null}}}},"branchMap":{"0":{"loc":{"start":{"line":146,"column":0},"end":{"line":157,"column":null}},"type":"if","locations":[{"start":{"line":146,"column":0},"end":{"line":157,"column":null}},{"start":{"line":146,"column":0},"end":{"line":157,"column":null}}]},"1":{"loc":{"start":{"line":151,"column":0},"end":{"line":157,"column":null}},"type":"if","locations":[{"start":{"line":151,"column":0},"end":{"line":157,"column":null}},{"start":{"line":151,"column":0},"end":{"line":157,"column":null}}]}},"s":{"0":3,"1":3,"2":8,"3":0,"4":0,"5":0,"6":0,"7":0,"8":2,"9":2},"f":{"0":8,"1":0,"2":2,"3":2},"b":{"0":[0,0],"1":[0,0]}}
,"E:\\Thrd Year\\Software Engneering\\project\\tumblr-4u-FE\\src\\homePage\\AccountDropDownList.vue": {"path":"E:\\Thrd Year\\Software Engneering\\project\\tumblr-4u-FE\\src\\homePage\\AccountDropDownList.vue","statementMap":{"0":{"start":{"line":55,"column":0},"end":{"line":58,"column":null}},"1":{"start":{"line":57,"column":0},"end":{"line":57,"column":null}},"2":{"start":{"line":62,"column":0},"end":{"line":62,"column":null}},"3":{"start":{"line":65,"column":0},"end":{"line":67,"column":null}},"4":{"start":{"line":66,"column":0},"end":{"line":66,"column":null}},"5":{"start":{"line":72,"column":0},"end":{"line":72,"column":null}},"6":{"start":{"line":78,"column":0},"end":{"line":78,"column":null}},"7":{"start":{"line":81,"column":0},"end":{"line":81,"column":null}},"8":{"start":{"line":85,"column":0},"end":{"line":85,"column":null}},"9":{"start":{"line":88,"column":0},"end":{"line":88,"column":null}}},"fnMap":{"0":{"name":"(anonymous_1)","decl":{"start":{"line":53,"column":0},"end":{"line":53,"column":null}},"loc":{"start":{"line":53,"column":0},"end":{"line":60,"column":null}}},"1":{"name":"(anonymous_2)","decl":{"start":{"line":61,"column":0},"end":{"line":61,"column":null}},"loc":{"start":{"line":61,"column":0},"end":{"line":63,"column":null}}},"2":{"name":"(anonymous_3)","decl":{"start":{"line":64,"column":0},"end":{"line":64,"column":null}},"loc":{"start":{"line":64,"column":0},"end":{"line":68,"column":null}}},"3":{"name":"(anonymous_4)","decl":{"start":{"line":71,"column":0},"end":{"line":71,"column":null}},"loc":{"start":{"line":71,"column":0},"end":{"line":75,"column":null}}},"4":{"name":"(anonymous_5)","decl":{"start":{"line":77,"column":0},"end":{"line":77,"column":null}},"loc":{"start":{"line":77,"column":0},"end":{"line":79,"column":null}}},"5":{"name":"(anonymous_6)","decl":{"start":{"line":80,"column":0},"end":{"line":80,"column":null}},"loc":{"start":{"line":80,"column":0},"end":{"line":82,"column":null}}},"6":{"name":"(anonymous_7)","decl":{"start":{"line":84,"column":0},"end":{"line":84,"column":null}},"loc":{"start":{"line":84,"column":0},"end":{"line":86,"column":null}}},"7":{"name":"(anonymous_8)","decl":{"start":{"line":87,"column":0},"end":{"line":87,"column":null}},"loc":{"start":{"line":87,"column":0},"end":{"line":89,"column":null}}}},"branchMap":{"0":{"loc":{"start":{"line":55,"column":0},"end":{"line":58,"column":null}},"type":"if","locations":[{"start":{"line":55,"column":0},"end":{"line":58,"column":null}},{"start":{"line":55,"column":0},"end":{"line":58,"column":null}}]},"1":{"loc":{"start":{"line":65,"column":0},"end":{"line":67,"column":null}},"type":"if","locations":[{"start":{"line":65,"column":0},"end":{"line":67,"column":null}},{"start":{"line":65,"column":0},"end":{"line":67,"column":null}}]}},"s":{"0":0,"1":0,"2":0,"3":0,"4":0,"5":1,"6":1,"7":1,"8":1,"9":0},"f":{"0":0,"1":0,"2":0,"3":1,"4":1,"5":1,"6":1,"7":0},"b":{"0":[0,0],"1":[0,0]}}
,"E:\\Thrd Year\\Software Engneering\\project\\tumblr-4u-FE\\src\\homePage\\HomePageNavBar.vue": {"path":"E:\\Thrd Year\\Software Engneering\\project\\tumblr-4u-FE\\src\\homePage\\HomePageNavBar.vue","statementMap":{"0":{"start":{"line":69,"column":0},"end":{"line":69,"column":null}},"1":{"start":{"line":70,"column":0},"end":{"line":70,"column":null}},"2":{"start":{"line":71,"column":0},"end":{"line":71,"column":null}},"3":{"start":{"line":79,"column":0},"end":{"line":79,"column":null}},"4":{"start":{"line":123,"column":0},"end":{"line":123,"column":null}},"5":{"start":{"line":126,"column":0},"end":{"line":126,"column":null}}},"fnMap":{"0":{"name":"(anonymous_1)","decl":{"start":{"line":78,"column":0},"end":{"line":78,"column":null}},"loc":{"start":{"line":78,"column":0},"end":{"line":115,"column":null}}},"1":{"name":"(anonymous_2)","decl":{"start":{"line":122,"column":0},"end":{"line":122,"column":null}},"loc":{"start":{"line":122,"column":0},"end":{"line":124,"column":null}}},"2":{"name":"(anonymous_3)","decl":{"start":{"line":125,"column":0},"end":{"line":125,"column":null}},"loc":{"start":{"line":125,"column":0},"end":{"line":127,"column":null}}}},"branchMap":{},"s":{"0":2,"1":2,"2":2,"3":2,"4":2,"5":2},"f":{"0":2,"1":2,"2":2},"b":{}}
,"E:\\Thrd Year\\Software Engneering\\project\\tumblr-4u-FE\\src\\homePage\\HomePageNewPost.vue": {"path":"E:\\Thrd Year\\Software Engneering\\project\\tumblr-4u-FE\\src\\homePage\\HomePageNewPost.vue","statementMap":{"0":{"start":{"line":55,"column":0},"end":{"line":55,"column":null}}},"fnMap":{"0":{"name":"(anonymous_1)","decl":{"start":{"line":54,"column":0},"end":{"line":54,"column":null}},"loc":{"start":{"line":54,"column":0},"end":{"line":57,"column":null}}}},"branchMap":{},"s":{"0":0},"f":{"0":0},"b":{}}
,"E:\\Thrd Year\\Software Engneering\\project\\tumblr-4u-FE\\src\\homePage\\HomePageSearchBar.vue": {"path":"E:\\Thrd Year\\Software Engneering\\project\\tumblr-4u-FE\\src\\homePage\\HomePageSearchBar.vue","statementMap":{"0":{"start":{"line":56,"column":0},"end":{"line":56,"column":null}},"1":{"start":{"line":57,"column":0},"end":{"line":57,"column":null}},"2":{"start":{"line":58,"column":0},"end":{"line":58,"column":null}},"3":{"start":{"line":61,"column":0},"end":{"line":61,"column":null}},"4":{"start":{"line":106,"column":0},"end":{"line":106,"column":null}},"5":{"start":{"line":107,"column":0},"end":{"line":107,"column":null}},"6":{"start":{"line":108,"column":0},"end":{"line":108,"column":null}},"7":{"start":{"line":113,"column":0},"end":{"line":113,"column":null}},"8":{"start":{"line":116,"column":0},"end":{"line":118,"column":null}},"9":{"start":{"line":117,"column":0},"end":{"line":117,"column":null}},"10":{"start":{"line":121,"column":0},"end":{"line":121,"column":null}},"11":{"start":{"line":122,"column":0},"end":{"line":122,"column":null}},"12":{"start":{"line":123,"column":0},"end":{"line":123,"column":null}},"13":{"start":{"line":124,"column":0},"end":{"line":124,"column":null}},"14":{"start":{"line":127,"column":0},"end":{"line":127,"column":null}},"15":{"start":{"line":134,"column":0},"end":{"line":134,"column":null}},"16":{"start":{"line":137,"column":0},"end":{"line":137,"column":null}},"17":{"start":{"line":144,"column":0},"end":{"line":144,"column":null}},"18":{"start":{"line":147,"column":0},"end":{"line":147,"column":null}}},"fnMap":{"0":{"name":"(anonymous_1)","decl":{"start":{"line":60,"column":0},"end":{"line":60,"column":null}},"loc":{"start":{"line":60,"column":0},"end":{"line":99,"column":null}}},"1":{"name":"(anonymous_2)","decl":{"start":{"line":105,"column":0},"end":{"line":105,"column":null}},"loc":{"start":{"line":105,"column":0},"end":{"line":110,"column":null}}},"2":{"name":"(anonymous_3)","decl":{"start":{"line":112,"column":0},"end":{"line":112,"column":null}},"loc":{"start":{"line":112,"column":0},"end":{"line":114,"column":null}}},"3":{"name":"(anonymous_4)","decl":{"start":{"line":115,"column":0},"end":{"line":115,"column":null}},"loc":{"start":{"line":115,"column":0},"end":{"line":119,"column":null}}},"4":{"name":"(anonymous_5)","decl":{"start":{"line":120,"column":0},"end":{"line":120,"column":null}},"loc":{"start":{"line":120,"column":0},"end":{"line":129,"column":null}}},"5":{"name":"(anonymous_6)","decl":{"start":{"line":133,"column":0},"end":{"line":133,"column":null}},"loc":{"start":{"line":133,"column":0},"end":{"line":135,"column":null}}},"6":{"name":"(anonymous_7)","decl":{"start":{"line":136,"column":0},"end":{"line":136,"column":null}},"loc":{"start":{"line":136,"column":0},"end":{"line":138,"column":null}}},"7":{"name":"(anonymous_8)","decl":{"start":{"line":143,"column":0},"end":{"line":143,"column":null}},"loc":{"start":{"line":143,"column":0},"end":{"line":145,"column":null}}},"8":{"name":"(anonymous_9)","decl":{"start":{"line":146,"column":0},"end":{"line":146,"column":null}},"loc":{"start":{"line":146,"column":0},"end":{"line":148,"column":null}}}},"branchMap":{"0":{"loc":{"start":{"line":116,"column":0},"end":{"line":118,"column":null}},"type":"if","locations":[{"start":{"line":116,"column":0},"end":{"line":118,"column":null}},{"start":{"line":116,"column":0},"end":{"line":118,"column":null}}]}},"s":{"0":2,"1":2,"2":2,"3":0,"4":0,"5":0,"6":0,"7":0,"8":0,"9":0,"10":0,"11":0,"12":0,"13":0,"14":0,"15":0,"16":0,"17":0,"18":0},"f":{"0":0,"1":0,"2":0,"3":0,"4":0,"5":0,"6":0,"7":0,"8":0},"b":{"0":[0,0]}}
}
