TN:
SF:F:\tumblr-4u-FE\src\App.vue
FNF:0
FNH:0
DA:9,0
LF:1
LH:0
BRF:0
BRH:0
end_of_record
TN:
SF:F:\tumblr-4u-FE\src\components\HomeCreatePost\HomeCreatePostImage.vue
FN:53,(anonymous_1)
FN:63,(anonymous_2)
FN:69,(anonymous_3)
FN:72,(anonymous_4)
FN:79,(anonymous_5)
FN:82,(anonymous_6)
FN:87,(anonymous_7)
FNF:7
FNH:3
FNDA:1,(anonymous_1)
FNDA:0,(anonymous_2)
FNDA:0,(anonymous_3)
FNDA:0,(anonymous_4)
FNDA:1,(anonymous_5)
FNDA:0,(anonymous_6)
FNDA:1,(anonymous_7)
DA:39,1
DA:40,1
DA:54,1
DA:64,0
DA:65,0
DA:66,0
DA:70,0
DA:73,0
DA:80,1
DA:83,0
DA:88,2
DA:93,0
LF:12
LH:5
BRDA:88,0,0,1
BRDA:88,0,1,0
BRDA:88,1,0,1
BRDA:88,1,1,1
BRDA:88,1,2,0
BRF:5
BRH:3
end_of_record
TN:
SF:F:\tumblr-4u-FE\src\components\HomeCreatePost\HomeCreatePostSection.vue
FN:128,(anonymous_1)
FN:149,(anonymous_2)
FN:152,(anonymous_3)
FN:156,(anonymous_4)
FN:159,(anonymous_5)
FN:162,(anonymous_6)
FN:165,(anonymous_7)
FN:168,(anonymous_8)
FN:171,(anonymous_9)
FN:174,(anonymous_10)
FNF:10
FNH:1
FNDA:1,(anonymous_1)
FNDA:0,(anonymous_2)
FNDA:0,(anonymous_3)
FNDA:0,(anonymous_4)
FNDA:0,(anonymous_5)
FNDA:0,(anonymous_6)
FNDA:0,(anonymous_7)
FNDA:0,(anonymous_8)
FNDA:0,(anonymous_9)
FNDA:0,(anonymous_10)
DA:121,1
DA:122,1
DA:129,1
DA:150,0
DA:154,0
DA:157,0
DA:160,0
DA:163,0
DA:166,0
DA:169,0
DA:172,0
DA:175,0
LF:12
LH:3
BRF:0
BRH:0
end_of_record
TN:
SF:F:\tumblr-4u-FE\src\components\HomeCreatePost\HomeCreatePostText.vue
FN:83,(anonymous_1)
FN:107,(anonymous_2)
FN:113,(anonymous_3)
FN:116,(anonymous_4)
FN:124,(anonymous_5)
FN:127,(anonymous_6)
FN:132,(anonymous_7)
FNF:7
FNH:3
FNDA:1,(anonymous_1)
FNDA:0,(anonymous_2)
FNDA:0,(anonymous_3)
FNDA:0,(anonymous_4)
FNDA:1,(anonymous_5)
FNDA:0,(anonymous_6)
FNDA:1,(anonymous_7)
DA:72,1
DA:84,1
DA:108,0
DA:109,0
DA:110,0
DA:114,0
DA:117,0
DA:125,1
DA:128,0
DA:133,2
DA:138,0
LF:11
LH:4
BRDA:133,0,0,1
BRDA:133,0,1,0
BRDA:133,1,0,1
BRDA:133,1,1,1
BRDA:133,1,2,0
BRF:5
BRH:3
end_of_record
TN:
SF:F:\tumblr-4u-FE\src\components\HomeCreatePost\HomeCreatePostTextEditor.vue
FN:121,(anonymous_1)
FN:134,(anonymous_2)
FN:143,(anonymous_3)
FN:146,(anonymous_4)
FN:172,(anonymous_5)
FN:177,(anonymous_6)
FN:181,(anonymous_7)
FN:200,(anonymous_8)
FN:204,(anonymous_9)
FN:211,(anonymous_10)
FN:217,(anonymous_11)
FNF:11
FNH:2
FNDA:1,(anonymous_1)
FNDA:1,(anonymous_2)
FNDA:0,(anonymous_3)
FNDA:0,(anonymous_4)
FNDA:0,(anonymous_5)
FNDA:0,(anonymous_6)
FNDA:0,(anonymous_7)
FNDA:0,(anonymous_8)
FNDA:0,(anonymous_9)
FNDA:0,(anonymous_10)
FNDA:0,(anonymous_11)
DA:111,1
DA:112,1
DA:113,1
DA:122,1
DA:135,1
DA:144,0
DA:147,0
DA:148,0
DA:149,0
DA:150,0
DA:153,0
DA:154,0
DA:155,0
DA:156,0
DA:158,0
DA:159,0
DA:160,0
DA:163,0
DA:164,0
DA:173,0
DA:174,0
DA:178,0
DA:179,0
DA:182,0
DA:183,0
DA:184,0
DA:186,0
DA:187,0
DA:188,0
DA:190,0
DA:191,0
DA:192,0
DA:194,0
DA:197,0
DA:198,0
DA:201,0
DA:202,0
DA:205,0
DA:206,0
DA:208,0
DA:212,0
DA:213,0
DA:215,0
DA:218,0
DA:219,0
LF:45
LH:5
BRDA:147,0,0,0
BRDA:147,0,1,0
BRDA:148,1,0,0
BRDA:148,1,1,0
BRDA:153,2,0,0
BRDA:153,2,1,0
BRDA:154,3,0,0
BRDA:154,3,1,0
BRDA:158,4,0,0
BRDA:158,4,1,0
BRDA:182,5,0,0
BRDA:182,5,1,0
BRDA:190,6,0,0
BRDA:190,6,1,0
BRF:14
BRH:0
end_of_record
TN:
SF:F:\tumblr-4u-FE\src\components\HomeCreatePost\HomeCreatePostUploadImage.vue
FN:54,(anonymous_1)
FN:64,(anonymous_2)
FN:71,(anonymous_3)
FN:84,(anonymous_4)
FN:90,(anonymous_5)
FN:97,(anonymous_6)
FN:103,(anonymous_7)
FN:106,(anonymous_8)
FN:120,(anonymous_9)
FNF:9
FNH:1
FNDA:1,(anonymous_1)
FNDA:0,(anonymous_2)
FNDA:0,(anonymous_3)
FNDA:0,(anonymous_4)
FNDA:0,(anonymous_5)
FNDA:0,(anonymous_6)
FNDA:0,(anonymous_7)
FNDA:0,(anonymous_8)
FNDA:0,(anonymous_9)
DA:55,1
DA:65,0
DA:66,0
DA:67,0
DA:69,0
DA:70,0
DA:71,0
DA:72,0
DA:74,0
DA:77,0
DA:78,0
DA:80,0
DA:85,0
DA:86,0
DA:87,0
DA:88,0
DA:90,0
DA:91,0
DA:92,0
DA:94,0
DA:98,0
DA:99,0
DA:100,0
DA:104,0
DA:107,0
DA:110,0
DA:111,0
DA:114,0
DA:116,0
DA:117,0
DA:121,0
LF:31
LH:1
BRDA:67,0,0,0
BRDA:67,0,1,0
BRDA:69,1,0,0
BRDA:69,1,1,0
BRDA:69,2,0,0
BRDA:69,2,1,0
BRDA:107,3,0,0
BRDA:107,3,1,0
BRF:8
BRH:0
end_of_record
