TN:
SF:E:\Thrd Year\Software Engneering\project\tumblr-4u-FE\src\components\TumblrsDrawer.vue
FN:126,(anonymous_1)
FN:143,(anonymous_2)
FN:164,(anonymous_3)
FN:167,(anonymous_4)
FNF:4
FNH:3
FNDA:8,(anonymous_1)
FNDA:0,(anonymous_2)
FNDA:2,(anonymous_3)
FNDA:2,(anonymous_4)
DA:118,3
DA:119,3
DA:127,8
DA:144,0
DA:146,0
DA:149,0
DA:151,0
DA:155,0
DA:165,2
DA:168,2
LF:10
LH:5
BRDA:146,0,0,0
BRDA:146,0,1,0
BRDA:151,1,0,0
BRDA:151,1,1,0
BRF:4
BRH:0
end_of_record
TN:
SF:E:\Thrd Year\Software Engneering\project\tumblr-4u-FE\src\homePage\AccountDropDownList.vue
FN:53,(anonymous_1)
FN:61,(anonymous_2)
FN:64,(anonymous_3)
FN:71,(anonymous_4)
FN:77,(anonymous_5)
FN:80,(anonymous_6)
FN:84,(anonymous_7)
FN:87,(anonymous_8)
FNF:8
FNH:4
FNDA:0,(anonymous_1)
FNDA:0,(anonymous_2)
FNDA:0,(anonymous_3)
FNDA:1,(anonymous_4)
FNDA:1,(anonymous_5)
FNDA:1,(anonymous_6)
FNDA:1,(anonymous_7)
FNDA:0,(anonymous_8)
DA:55,0
DA:57,0
DA:62,0
DA:65,0
DA:66,0
DA:72,1
DA:78,1
DA:81,1
DA:85,1
DA:88,0
LF:10
LH:4
BRDA:55,0,0,0
BRDA:55,0,1,0
BRDA:65,1,0,0
BRDA:65,1,1,0
BRF:4
BRH:0
end_of_record
TN:
SF:E:\Thrd Year\Software Engneering\project\tumblr-4u-FE\src\homePage\HomePageNavBar.vue
FN:78,(anonymous_1)
FN:122,(anonymous_2)
FN:125,(anonymous_3)
FNF:3
FNH:3
FNDA:2,(anonymous_1)
FNDA:2,(anonymous_2)
FNDA:2,(anonymous_3)
DA:69,2
DA:70,2
DA:71,2
DA:79,2
DA:123,2
DA:126,2
LF:6
LH:6
BRF:0
BRH:0
end_of_record
TN:
SF:E:\Thrd Year\Software Engneering\project\tumblr-4u-FE\src\homePage\HomePageNewPost.vue
FN:54,(anonymous_1)
FNF:1
FNH:0
FNDA:0,(anonymous_1)
DA:55,0
LF:1
LH:0
BRF:0
BRH:0
end_of_record
TN:
SF:E:\Thrd Year\Software Engneering\project\tumblr-4u-FE\src\homePage\HomePageSearchBar.vue
FN:60,(anonymous_1)
FN:105,(anonymous_2)
FN:112,(anonymous_3)
FN:115,(anonymous_4)
FN:120,(anonymous_5)
FN:133,(anonymous_6)
FN:136,(anonymous_7)
FN:143,(anonymous_8)
FN:146,(anonymous_9)
FNF:9
FNH:0
FNDA:0,(anonymous_1)
FNDA:0,(anonymous_2)
FNDA:0,(anonymous_3)
FNDA:0,(anonymous_4)
FNDA:0,(anonymous_5)
FNDA:0,(anonymous_6)
FNDA:0,(anonymous_7)
FNDA:0,(anonymous_8)
FNDA:0,(anonymous_9)
DA:56,2
DA:57,2
DA:58,2
DA:61,0
DA:106,0
DA:107,0
DA:108,0
DA:113,0
DA:116,0
DA:117,0
DA:121,0
DA:122,0
DA:123,0
DA:124,0
DA:127,0
DA:134,0
DA:137,0
DA:144,0
DA:147,0
LF:19
LH:3
BRDA:116,0,0,0
BRDA:116,0,1,0
BRF:2
BRH:0
end_of_record
